TN:
SF:/Users/eric.abt/rareskills/week_07/capture_the_ether/dex/contracts/AttackDex.sol
DA:1,0
DA:7,0
DA:8,0
DA:10,0
DA:11,0
DA:15,33
DA:20,0
DA:21,0
DA:22,0
DA:23,0
DA:25,0
DA:26,0
DA:28,0
DA:29,0
DA:37,0
DA:38,0
end_of_record

SF:/Users/eric.abt/rareskills/week_07/capture_the_ether/dex/contracts/Dex.sol
DA:9,0
DA:10,0
DA:11,0
DA:12,0
DA:14,0
DA:15,0
DA:16,0
DA:19,0
DA:20,0
DA:23,0
DA:24,0
DA:25,0
DA:26,0
DA:27,0
DA:28,0
DA:29,0
DA:32,0
DA:33,0
DA:36,0
DA:37,0
DA:38,0
DA:41,0
DA:42,0
DA:46,0
DA:48,0
DA:49,0
DA:50,0
DA:53,0
DA:54,0
DA:55,0
end_of_record

SF:/Users/eric.abt/rareskills/week_07/capture_the_ether/dex/contracts/ozcontracts/access/Ownable.sol
DA:38,0
DA:39,0
DA:40,0
DA:42,0
DA:49,0
DA:56,0
DA:57,0
DA:63,0
DA:64,0
DA:65,0
DA:76,0
DA:77,0
DA:84,0
DA:85,0
DA:86,0
DA:88,0
DA:95,0
DA:96,0
DA:97,0
DA:98,0
end_of_record

SF:/Users/eric.abt/rareskills/week_07/capture_the_ether/dex/contracts/ozcontracts/interfaces/draft-IERC6093.sol
end_of_record

SF:/Users/eric.abt/rareskills/week_07/capture_the_ether/dex/contracts/ozcontracts/token/ERC20/ERC20.sol
DA:50,0
DA:51,0
DA:52,0
DA:58,0
DA:59,0
DA:66,0
DA:67,0
DA:83,0
DA:84,0
DA:90,0
DA:91,0
DA:97,0
DA:98,0
DA:109,0
DA:110,0
DA:111,0
DA:112,0
DA:118,0
DA:119,0
DA:132,0
DA:133,0
DA:134,0
DA:135,0
DA:154,0
DA:155,0
DA:156,0
DA:157,0
DA:158,0
DA:171,0
DA:172,0
DA:173,0
DA:175,0
DA:176,0
DA:178,0
DA:188,0
DA:189,0
DA:191,0
DA:192,0
DA:193,0
DA:194,0
DA:195,0
DA:199,0
DA:203,0
DA:206,0
DA:211,0
DA:215,0
DA:226,0
DA:227,0
DA:228,0
DA:230,0
DA:263,0
DA:264,0
DA:284,0
DA:285,0
DA:286,0
DA:288,0
DA:289,0
DA:291,0
DA:292,0
DA:293,0
DA:305,0
DA:306,0
DA:307,0
DA:308,0
DA:309,0
DA:312,0
end_of_record

SF:/Users/eric.abt/rareskills/week_07/capture_the_ether/dex/contracts/ozcontracts/token/ERC20/IERC20.sol
end_of_record

SF:/Users/eric.abt/rareskills/week_07/capture_the_ether/dex/contracts/ozcontracts/token/ERC20/extensions/IERC20Metadata.sol
end_of_record

SF:/Users/eric.abt/rareskills/week_07/capture_the_ether/dex/contracts/ozcontracts/utils/Context.sol
DA:17,0
DA:18,0
end_of_record

